{"level":"info","message":{"ip":"::1","method":"POST","response":"{\"error\":\"Name already taken\"}","status":400,"url":"/register"},"timestamp":"2025-04-17 21:33:09"}
{"level":"info","message":{"ip":"::1","method":"POST","status":400,"url":"/register"},"timestamp":"2025-04-18T08:19:21.732Z"}
{"level":"info","message":{"ip":"::1","method":"POST","status":400,"url":"/register"},"timestamp":"2025-04-18T08:19:25.058Z"}
{"level":"info","message":{"ip":"::1","method":"POST","status":400,"url":"/login"},"timestamp":"2025-04-18T08:19:28.506Z"}
{"level":"info","message":{"ip":"::1","method":"POST","status":400,"url":"/unregister"},"timestamp":"2025-04-18T08:19:35.357Z"}
{"level":"info","message":{"ip":"::1","method":"POST","status":400,"url":"/register"},"timestamp":"2025-04-18T08:19:39.574Z"}
{"level":"info","message":{"ip":"::1","method":"POST","status":400,"url":"/register"},"timestamp":"2025-04-18T08:20:24.555Z"}
{"level":"info","message":{"ip":"::1","method":"POST","status":400,"url":"/register"},"timestamp":"2025-04-18T08:20:38.038Z"}
{"level":"info","message":{"ip":"::1","method":"POST","status":400,"url":"/register"},"timestamp":"2025-04-18T08:21:23.774Z"}
{"level":"info","message":{"ip":"::1","method":"POST","status":400,"url":"/register"},"timestamp":"2025-04-18T08:22:00.094Z"}
{"level":"info","message":{"ip":"::1","method":"POST","status":400,"url":"/register"},"timestamp":"2025-04-18T08:23:05.531Z"}
{"level":"info","message":{"ip":"::1","method":"POST","status":400,"url":"/register"},"timestamp":"2025-04-18T08:24:41.192Z"}
{"level":"info","message":{"ip":"::1","method":"POST","status":400,"url":"/register"},"timestamp":"2025-04-18T08:28:50.774Z"}
{"level":"info","message":{"ip":"::1","method":"POST","status":400,"url":"/register"},"timestamp":"2025-04-18T08:34:36.035Z"}
{"level":"info","message":{"ip":"::1","method":"POST","status":400,"url":"/register"},"timestamp":"2025-04-18T08:34:52.596Z"}
{"level":"info","message":{"ip":"::1","method":"POST","status":400,"url":"/register"},"timestamp":"2025-04-18T08:34:57.633Z"}
{"level":"info","message":{"ip":"::1","method":"POST","status":400,"url":"/register"},"timestamp":"2025-04-18T08:35:01.244Z"}
{"level":"info","message":{"ip":"::1","method":"POST","status":400,"url":"/register"},"timestamp":"2025-04-18T08:40:46.097Z"}
{"level":"info","message":{"ip":"::1","method":"POST","status":400,"url":"/register"},"timestamp":"2025-04-18T08:40:48.329Z"}
{"level":"info","message":{"ip":"::1","method":"POST","status":400,"url":"/register"},"timestamp":"2025-04-18T08:41:00.084Z"}
{"level":"info","message":{"ip":"::1","method":"POST","status":400,"url":"/register"},"timestamp":"2025-04-18T08:41:16.312Z"}
{"level":"info","message":{"ip":"::1","method":"POST","status":400,"url":"/login"},"timestamp":"2025-04-18T08:41:36.187Z"}
{"level":"info","message":{"ip":"::1","method":"POST","status":400,"url":"/login"},"timestamp":"2025-04-18T08:41:45.162Z"}
{"level":"info","message":{"ip":"::1","method":"POST","status":400,"url":"/login"},"timestamp":"2025-04-18T08:41:52.818Z"}
{"level":"info","message":{"ip":"::1","method":"POST","status":400,"url":"/register"},"timestamp":"2025-04-18T08:42:25.501Z"}
{"level":"info","message":{"ip":"::1","method":"POST","status":400,"url":"/login"},"timestamp":"2025-04-18T08:42:37.452Z"}
{"level":"info","message":{"ip":"::1","method":"POST","status":400,"url":"/login"},"timestamp":"2025-04-18T08:44:12.570Z"}
{"level":"info","message":{"ip":"::1","method":"POST","status":400,"url":"/register"},"timestamp":"2025-04-18T08:44:25.393Z"}
{"level":"info","message":{"ip":"::1","method":"POST","status":400,"url":"/register"},"timestamp":"2025-04-18T08:46:17.768Z"}
{"level":"info","message":{"ip":"::1","method":"POST","status":400,"url":"/register"},"timestamp":"2025-04-18T08:47:33.115Z"}
{"level":"info","message":{"ip":"::1","method":"POST","status":200,"url":"/login"},"timestamp":"2025-04-18T08:47:42.379Z"}
{"level":"info","message":{"ip":"::1","method":"POST","status":400,"url":"/unregister"},"timestamp":"2025-04-18T08:48:19.425Z"}
{"level":"info","message":{"ip":"::1","method":"POST","status":400,"url":"/unregister"},"timestamp":"2025-04-18T08:48:34.385Z"}
{"level":"info","message":{"ip":"::1","method":"POST","status":410,"url":"/unregister"},"timestamp":"2025-04-18T08:49:07.597Z"}
{"level":"info","message":{"ip":"::1","method":"POST","status":400,"url":"/login"},"timestamp":"2025-04-18T08:49:11.743Z"}
{"level":"info","message":{"ip":"::1","method":"POST","status":200,"url":"/login"},"timestamp":"2025-04-18T08:49:19.839Z"}
{"level":"info","message":{"ip":"::1","method":"POST","status":200,"url":"/login"},"timestamp":"2025-04-18T09:15:17.009Z"}
{"level":"info","message":{"ip":"::1","method":"POST","status":200,"url":"/login"},"timestamp":"2025-04-18T09:15:29.012Z"}
{"level":"info","message":{"ip":"::1","method":"POST","status":200,"url":"/login"},"timestamp":"2025-04-18T09:15:51.560Z"}
{"level":"info","message":{"ip":"::1","method":"POST","status":200,"url":"/login"},"timestamp":"2025-04-18T09:16:19.351Z"}
{"level":"info","message":{"ip":"::1","method":"POST","status":401,"url":"/unregister"},"timestamp":"2025-04-18T09:19:01.697Z"}
{"level":"info","message":{"ip":"::1","method":"POST","status":401,"url":"/unregister"},"timestamp":"2025-04-18T09:19:22.798Z"}
{"level":"info","message":{"ip":"::1","method":"POST","status":401,"url":"/unregister"},"timestamp":"2025-04-18T09:19:27.102Z"}
{"level":"info","message":{"ip":"::1","method":"POST","status":401,"url":"/unregister"},"timestamp":"2025-04-18T09:20:18.334Z"}
{"level":"info","message":{"ip":"::1","method":"POST","status":401,"url":"/unregister"},"timestamp":"2025-04-18T09:21:02.102Z"}
{"level":"info","message":{"ip":"::1","method":"POST","status":401,"url":"/unregister"},"timestamp":"2025-04-18T09:21:30.174Z"}
{"level":"info","message":{"ip":"::1","method":"POST","status":401,"url":"/unregister"},"timestamp":"2025-04-18T09:22:20.435Z"}
{"level":"info","message":{"ip":"::1","method":"POST","status":200,"url":"/login"},"timestamp":"2025-04-18T09:22:29.371Z"}
{"level":"info","message":{"ip":"::1","method":"POST","status":401,"url":"/unregister"},"timestamp":"2025-04-18T09:22:36.539Z"}
{"level":"info","message":{"ip":"::1","method":"POST","status":401,"url":"/unregister"},"timestamp":"2025-04-18T09:22:41.473Z"}
{"level":"info","message":{"ip":"::1","method":"POST","status":401,"url":"/unregister"},"timestamp":"2025-04-18T09:27:06.222Z"}
{"level":"info","message":{"ip":"::1","method":"POST","status":401,"url":"/unregister"},"timestamp":"2025-04-18T09:27:29.593Z"}
{"level":"info","message":{"ip":"::1","method":"POST","status":200,"url":"/login"},"timestamp":"2025-04-18T09:27:35.667Z"}
{"level":"info","message":{"ip":"::1","method":"POST","status":401,"url":"/unregister"},"timestamp":"2025-04-18T09:27:43.821Z"}
{"level":"info","message":{"ip":"::1","method":"POST","status":401,"url":"/unregister"},"timestamp":"2025-04-18T09:28:37.416Z"}
{"level":"info","message":{"ip":"::1","method":"POST","status":401,"url":"/unregister"},"timestamp":"2025-04-18T09:28:56.591Z"}
{"level":"info","message":{"ip":"::1","method":"POST","status":200,"url":"/login"},"timestamp":"2025-04-18T09:32:13.235Z"}
{"level":"info","message":{"ip":"::1","method":"POST","status":401,"url":"/unregister"},"timestamp":"2025-04-18T09:32:28.465Z"}
{"level":"info","message":{"ip":"::1","method":"POST","status":401,"url":"/unregister"},"timestamp":"2025-04-18T09:33:22.412Z"}
{"level":"info","message":{"ip":"::1","method":"POST","status":401,"url":"/unregister"},"timestamp":"2025-04-18T09:34:39.925Z"}
{"level":"info","message":{"ip":"::1","method":"POST","status":410,"url":"/unregister"},"timestamp":"2025-04-18T09:35:34.782Z"}
{"level":"info","message":{"ip":"::1","method":"POST","status":200,"url":"/login"},"timestamp":"2025-04-18T09:36:23.477Z"}
{"level":"info","message":{"ip":"::1","method":"POST","status":410,"url":"/unregister"},"timestamp":"2025-04-18T09:36:33.195Z"}
{"level":"info","message":{"ip":"::1","method":"POST","status":400,"url":"/login"},"timestamp":"2025-04-19T07:10:45.769Z"}
{"level":"info","message":{"ip":"::1","method":"POST","status":400,"url":"/login"},"timestamp":"2025-04-19T07:10:52.899Z"}
{"level":"info","message":{"ip":"::1","method":"POST","status":200,"url":"/login"},"timestamp":"2025-04-19T11:28:30.197Z"}
{"level":"info","message":{"ip":"::1","method":"POST","status":400,"url":"/register"},"timestamp":"2025-04-19T14:21:16.241Z"}
{"level":"info","message":{"ip":"::1","method":"POST","status":400,"url":"/register"},"timestamp":"2025-04-19T14:21:20.085Z"}
{"level":"info","message":{"ip":"::1","method":"POST","status":200,"url":"/login"},"timestamp":"2025-04-19T14:21:29.165Z"}
{"level":"info","message":{"ip":"::1","method":"POST","status":200,"url":"/login"},"timestamp":"2025-04-19T14:26:42.334Z"}
{"level":"info","message":{"ip":"::1","method":"POST","status":200,"url":"/login"},"timestamp":"2025-04-19T14:32:09.938Z"}
{"level":"info","message":{"ip":"::ffff:127.0.0.1","method":"POST","status":400,"url":"/register"},"timestamp":"2025-04-19T15:17:10.214Z"}
{"level":"info","message":{"ip":"::ffff:127.0.0.1","method":"POST","status":400,"url":"/register"},"timestamp":"2025-04-19T15:17:10.900Z"}
{"level":"info","message":{"ip":"::ffff:127.0.0.1","method":"POST","status":400,"url":"/register"},"timestamp":"2025-04-19T15:17:11.482Z"}
{"level":"info","message":{"ip":"::ffff:127.0.0.1","method":"POST","status":400,"url":"/register"},"timestamp":"2025-04-19T15:17:12.114Z"}
{"level":"info","message":{"ip":"::ffff:127.0.0.1","method":"POST","status":400,"url":"/register"},"timestamp":"2025-04-19T15:17:12.778Z"}
{"level":"info","message":{"ip":"::ffff:127.0.0.1","method":"POST","status":400,"url":"/register"},"timestamp":"2025-04-19T15:17:13.561Z"}
{"level":"info","message":{"ip":"::ffff:127.0.0.1","method":"POST","status":400,"url":"/register"},"timestamp":"2025-04-19T15:17:14.249Z"}
{"level":"info","message":{"ip":"::1","method":"POST","status":200,"url":"/login"},"timestamp":"2025-04-19T15:17:27.849Z"}
{"level":"info","message":{"ip":"::1","method":"POST","status":200,"url":"/login"},"timestamp":"2025-04-19T15:26:30.098Z"}
{"level":"info","message":{"ip":"::1","method":"POST","status":200,"url":"/login"},"timestamp":"2025-04-20T08:12:45.293Z"}
{"level":"info","message":{"ip":"::1","method":"POST","status":400,"url":"/unregister"},"timestamp":"2025-04-20T08:12:57.040Z"}
{"level":"info","message":{"ip":"::1","method":"POST","status":400,"url":"/unregister"},"timestamp":"2025-04-20T08:13:04.539Z"}
{"level":"info","message":{"ip":"::1","method":"POST","status":400,"url":"/unregister"},"timestamp":"2025-04-20T08:13:11.405Z"}
{"level":"info","message":{"ip":"::1","method":"POST","status":400,"url":"/login"},"timestamp":"2025-04-20T09:15:46.601Z"}
{"level":"info","message":{"ip":"::1","method":"POST","status":400,"url":"/login"},"timestamp":"2025-04-20T09:15:53.739Z"}
{"level":"info","message":{"ip":"::1","method":"POST","status":400,"url":"/login"},"timestamp":"2025-04-20T09:16:53.717Z"}
{"level":"info","message":{"ip":"::1","method":"POST","status":400,"url":"/login"},"timestamp":"2025-04-20T09:18:23.032Z"}
{"level":"info","message":{"ip":"::1","method":"POST","status":400,"url":"/login"},"timestamp":"2025-04-20T09:18:40.404Z"}
{"level":"info","message":{"ip":"::1","method":"POST","status":200,"url":"/login"},"timestamp":"2025-04-20T09:19:38.382Z"}
{"level":"info","message":{"ip":"::1","method":"POST","status":200,"url":"/login"},"timestamp":"2025-04-20T09:23:17.813Z"}
{"level":"info","message":{"ip":"::1","method":"POST","status":200,"url":"/login"},"timestamp":"2025-04-20T09:23:46.681Z"}
{"level":"info","message":{"ip":"::1","method":"POST","status":400,"url":"/login"},"timestamp":"2025-04-20T09:23:50.710Z"}
{"level":"info","message":{"ip":"::1","method":"POST","status":400,"url":"/login"},"timestamp":"2025-04-20T09:24:38.586Z"}
{"level":"info","message":{"ip":"::1","method":"POST","status":400,"url":"/login"},"timestamp":"2025-04-20T09:26:52.882Z"}
{"level":"info","message":{"ip":"::1","method":"POST","status":200,"url":"/login"},"timestamp":"2025-04-20T09:26:58.270Z"}
{"level":"info","message":{"ip":"::1","method":"POST","status":400,"url":"/login"},"timestamp":"2025-04-20T09:27:16.797Z"}
{"level":"info","message":{"ip":"::1","method":"POST","status":200,"url":"/login"},"timestamp":"2025-04-20T09:27:21.913Z"}
{"level":"info","message":{"ip":"::1","method":"POST","status":400,"url":"/login"},"timestamp":"2025-04-20T09:35:41.325Z"}
{"level":"info","message":{"ip":"::1","method":"POST","status":400,"url":"/login"},"timestamp":"2025-04-20T09:35:43.300Z"}
{"level":"info","message":{"ip":"::1","method":"POST","status":400,"url":"/login"},"timestamp":"2025-04-20T09:41:12.214Z"}
{"level":"info","message":{"ip":"::1","method":"POST","status":400,"url":"/register"},"timestamp":"2025-04-20T09:44:02.852Z"}
{"level":"info","message":{"ip":"::1","method":"POST","status":400,"url":"/register"},"timestamp":"2025-04-20T09:44:12.058Z"}
{"level":"info","message":{"ip":"::1","method":"POST","status":200,"url":"/login"},"timestamp":"2025-04-20T09:44:33.055Z"}
{"level":"info","message":{"ip":"::1","method":"POST","status":400,"url":"/send"},"timestamp":"2025-04-20T09:46:08.845Z"}
{"level":"info","message":{"ip":"::1","method":"POST","status":400,"url":"/login"},"timestamp":"2025-04-20T09:49:05.028Z"}
{"level":"info","message":{"ip":"::1","method":"POST","status":400,"url":"/login"},"timestamp":"2025-04-20T09:49:10.563Z"}
{"level":"info","message":{"ip":"::1","method":"POST","status":400,"url":"/login"},"timestamp":"2025-04-20T09:49:21.658Z"}
{"level":"info","message":{"ip":"::1","method":"POST","status":400,"url":"/login"},"timestamp":"2025-04-20T09:49:26.676Z"}
{"level":"info","message":{"ip":"::1","method":"POST","status":400,"url":"/login"},"timestamp":"2025-04-20T09:50:12.108Z"}
{"level":"info","message":{"ip":"::1","method":"POST","status":400,"url":"/register"},"timestamp":"2025-04-20T09:50:25.691Z"}
{"level":"info","message":{"ip":"::1","method":"POST","status":400,"url":"/register"},"timestamp":"2025-04-20T09:52:17.623Z"}
{"level":"info","message":{"ip":"::1","method":"POST","status":200,"url":"/login"},"timestamp":"2025-04-20T09:52:22.472Z"}
{"level":"info","message":{"ip":"::1","method":"GET","status":200,"url":"/transactions"},"timestamp":"2025-04-20T09:56:15.580Z"}
{"level":"info","message":{"ip":"::1","method":"GET","status":400,"url":"/transactions/decrypt"},"timestamp":"2025-04-20T09:57:01.656Z"}
{"level":"info","message":{"ip":"::1","method":"GET","status":400,"url":"/transactions/decrypt"},"timestamp":"2025-04-20T09:57:03.299Z"}
{"level":"info","message":{"ip":"::1","method":"GET","status":401,"url":"/transactions/decrypt"},"timestamp":"2025-04-20T09:57:26.001Z"}
{"level":"info","message":{"ip":"::1","method":"POST","status":200,"url":"/login"},"timestamp":"2025-04-20T09:57:33.239Z"}
{"level":"info","message":{"ip":"::1","method":"GET","status":400,"url":"/transactions/decrypt"},"timestamp":"2025-04-20T09:57:41.160Z"}
{"level":"info","message":{"ip":"::1","method":"GET","status":400,"url":"/transactions/decrypt"},"timestamp":"2025-04-20T09:57:48.218Z"}
{"level":"info","message":{"ip":"::1","method":"GET","status":200,"url":"/transactions/decrypt"},"timestamp":"2025-04-20T10:01:34.517Z"}
{"level":"info","message":{"ip":"::1","method":"POST","status":401,"url":"/send"},"timestamp":"2025-04-20T10:02:00.262Z"}
{"level":"info","message":{"ip":"::1","method":"GET","status":400,"url":"/transactions"},"timestamp":"2025-04-20T10:04:19.658Z"}
{"level":"info","message":{"ip":"::1","method":"GET","status":400,"url":"/transactions"},"timestamp":"2025-04-20T10:05:25.270Z"}
{"level":"info","message":{"ip":"::1","method":"GET","status":400,"url":"/transactions"},"timestamp":"2025-04-20T10:05:34.745Z"}
{"level":"info","message":{"ip":"::1","method":"GET","status":400,"url":"/transactions"},"timestamp":"2025-04-20T10:05:36.298Z"}
{"level":"info","message":{"ip":"::1","method":"GET","status":400,"url":"/transactions"},"timestamp":"2025-04-20T10:05:37.947Z"}
{"level":"info","message":{"ip":"::1","method":"GET","status":401,"url":"/transactions/decrypt"},"timestamp":"2025-04-20T10:07:12.144Z"}
{"level":"info","message":{"ip":"::1","method":"POST","status":200,"url":"/login"},"timestamp":"2025-04-20T10:07:17.941Z"}
{"level":"info","message":{"ip":"::1","method":"GET","status":400,"url":"/transactions/decrypt"},"timestamp":"2025-04-20T10:07:26.450Z"}
{"level":"info","message":{"ip":"::1","method":"GET","status":400,"url":"/transactions/decrypt"},"timestamp":"2025-04-20T10:08:16.827Z"}
{"level":"info","message":{"ip":"::1","method":"GET","status":200,"url":"/transactions/decrypt"},"timestamp":"2025-04-20T10:08:21.370Z"}
{"level":"info","message":{"ip":"::1","method":"POST","status":401,"url":"/send"},"timestamp":"2025-04-20T10:12:32.812Z"}
{"level":"info","message":{"ip":"::1","method":"POST","status":200,"url":"/login"},"timestamp":"2025-04-20T10:12:40.617Z"}
{"level":"info","message":{"ip":"::1","method":"POST","status":400,"url":"/send"},"timestamp":"2025-04-20T10:13:59.832Z"}
{"level":"info","message":{"ip":"::1","method":"POST","status":400,"url":"/send"},"timestamp":"2025-04-20T10:14:25.027Z"}
{"level":"info","message":{"ip":"::1","method":"GET","status":200,"url":"/transactions"},"timestamp":"2025-04-20T10:15:53.194Z"}
{"level":"info","message":{"ip":"::1","method":"GET","status":200,"url":"/transactions"},"timestamp":"2025-04-20T10:15:55.667Z"}
{"level":"info","message":{"ip":"::1","method":"GET","status":400,"url":"/transactions/decrypt"},"timestamp":"2025-04-20T10:16:05.061Z"}
{"level":"info","message":{"ip":"::1","method":"GET","status":200,"url":"/transactions/decrypt"},"timestamp":"2025-04-20T10:16:10.732Z"}
{"level":"info","message":{"ip":"::1","method":"POST","status":400,"url":"/password"},"timestamp":"2025-04-20T10:16:32.798Z"}
{"level":"info","message":{"ip":"::1","method":"POST","status":401,"url":"/password"},"timestamp":"2025-04-20T10:18:27.804Z"}
{"level":"info","message":{"ip":"::1","method":"POST","status":200,"url":"/login"},"timestamp":"2025-04-20T10:18:36.045Z"}
{"level":"info","message":{"ip":"::1","method":"GET","status":400,"url":"/transactions/decrypt"},"timestamp":"2025-04-20T10:22:31.396Z"}
{"level":"info","message":{"ip":"::1","method":"POST","status":200,"url":"/login"},"timestamp":"2025-04-20T10:23:40.431Z"}
{"level":"info","message":{"ip":"::1","method":"GET","status":200,"url":"/transactions/decrypt"},"timestamp":"2025-04-20T10:24:06.694Z"}
{"level":"info","message":{"ip":"::1","method":"GET","status":400,"url":"/transactions/decrypt"},"timestamp":"2025-04-20T10:24:30.769Z"}
{"level":"info","message":{"ip":"::1","method":"GET","status":401,"url":"/transactions/decrypt"},"timestamp":"2025-04-20T10:28:49.110Z"}
{"level":"info","message":{"ip":"::1","method":"POST","status":400,"url":"/login"},"timestamp":"2025-04-20T10:28:54.185Z"}
{"level":"info","message":{"ip":"::1","method":"POST","status":200,"url":"/login"},"timestamp":"2025-04-20T10:29:01.324Z"}
{"level":"info","message":{"ip":"::1","method":"GET","status":200,"url":"/transactions/decrypt"},"timestamp":"2025-04-20T10:29:09.588Z"}
{"level":"info","message":{"ip":"::1","method":"GET","status":200,"url":"/transactions/decrypt"},"timestamp":"2025-04-20T10:29:21.413Z"}
{"level":"info","message":{"ip":"::1","method":"GET","status":400,"url":"/transactions/decrypt"},"timestamp":"2025-04-20T10:29:50.961Z"}
{"level":"info","message":{"ip":"::1","method":"POST","status":200,"url":"/login"},"timestamp":"2025-04-20T10:30:07.814Z"}
{"level":"info","message":{"ip":"::1","method":"GET","status":200,"url":"/transactions/decrypt"},"timestamp":"2025-04-20T10:32:13.057Z"}
{"level":"info","message":{"ip":"::1","method":"GET","status":200,"url":"/transactions/decrypt"},"timestamp":"2025-04-20T10:32:31.216Z"}
{"level":"info","message":{"ip":"::1","method":"POST","status":400,"url":"/password"},"timestamp":"2025-04-20T10:32:38.238Z"}
{"level":"info","message":{"ip":"::1","method":"POST","status":400,"url":"/password"},"timestamp":"2025-04-20T10:32:43.803Z"}
{"level":"info","message":{"ip":"::1","method":"POST","status":401,"url":"/password"},"timestamp":"2025-04-20T10:34:51.641Z"}
{"level":"info","message":{"ip":"::1","method":"POST","status":200,"url":"/login"},"timestamp":"2025-04-20T10:34:56.951Z"}
{"level":"info","message":{"ip":"::1","method":"GET","status":400,"url":"/transactions/decrypt"},"timestamp":"2025-04-20T10:35:16.108Z"}
{"level":"info","message":{"ip":"::1","method":"POST","status":400,"url":"/login"},"timestamp":"2025-04-20T10:36:52.054Z"}
{"level":"info","message":{"ip":"::1","method":"POST","status":200,"url":"/login"},"timestamp":"2025-04-20T10:36:57.330Z"}
{"level":"info","message":{"ip":"::1","method":"POST","status":400,"url":"/password"},"timestamp":"2025-04-20T10:37:16.080Z"}
{"level":"info","message":{"ip":"::1","method":"POST","status":400,"url":"/password"},"timestamp":"2025-04-20T10:37:39.938Z"}
{"level":"info","message":{"ip":"::1","method":"POST","status":400,"url":"/password"},"timestamp":"2025-04-20T10:37:44.910Z"}
{"level":"info","message":{"ip":"::1","method":"GET","status":400,"url":"/transactions/decrypt"},"timestamp":"2025-04-20T10:39:09.242Z"}
{"level":"info","message":{"ip":"::1","method":"GET","status":200,"url":"/transactions/decrypt"},"timestamp":"2025-04-20T10:39:14.798Z"}
{"level":"info","message":{"ip":"::1","method":"POST","status":400,"url":"/login"},"timestamp":"2025-04-20T15:27:41.854Z"}
{"level":"info","message":{"ip":"::1","method":"POST","status":400,"url":"/login"},"timestamp":"2025-04-20T15:27:43.236Z"}
{"level":"info","message":{"ip":"::1","method":"POST","status":400,"url":"/login"},"timestamp":"2025-04-20T15:27:43.828Z"}
{"level":"info","message":{"ip":"::1","method":"POST","status":400,"url":"/login"},"timestamp":"2025-04-20T15:27:44.158Z"}
{"level":"info","message":{"ip":"::1","method":"POST","status":400,"url":"/login"},"timestamp":"2025-04-20T15:27:44.479Z"}
{"level":"info","message":{"ip":"::1","method":"POST","status":400,"url":"/login"},"timestamp":"2025-04-20T15:27:44.808Z"}
{"level":"info","message":{"ip":"::1","method":"POST","status":400,"url":"/login"},"timestamp":"2025-04-20T15:27:45.127Z"}
{"level":"info","message":{"ip":"::1","method":"POST","status":400,"url":"/login"},"timestamp":"2025-04-20T15:27:45.444Z"}
{"level":"info","message":{"ip":"::1","method":"POST","status":400,"url":"/login"},"timestamp":"2025-04-20T15:27:45.751Z"}
{"level":"info","message":{"ip":"::1","method":"POST","status":400,"url":"/login"},"timestamp":"2025-04-20T15:27:46.089Z"}
{"level":"info","message":{"ip":"::1","method":"POST","status":400,"url":"/login"},"timestamp":"2025-04-20T15:27:46.416Z"}
{"level":"info","message":{"ip":"::1","method":"POST","status":400,"url":"/login"},"timestamp":"2025-04-20T15:27:46.758Z"}
{"level":"info","message":{"ip":"::1","method":"POST","status":400,"url":"/login"},"timestamp":"2025-04-20T15:27:47.096Z"}
{"level":"info","message":{"ip":"::1","method":"POST","status":400,"url":"/login"},"timestamp":"2025-04-20T15:27:47.456Z"}
{"level":"info","message":{"ip":"::1","method":"POST","status":400,"url":"/login"},"timestamp":"2025-04-20T15:27:47.787Z"}
{"level":"info","message":{"ip":"::1","method":"POST","status":400,"url":"/login"},"timestamp":"2025-04-20T15:27:48.106Z"}
{"level":"info","message":{"ip":"::1","method":"POST","status":400,"url":"/login"},"timestamp":"2025-04-20T15:27:48.464Z"}
{"level":"info","message":{"ip":"::1","method":"POST","status":400,"url":"/login"},"timestamp":"2025-04-20T15:27:48.804Z"}
{"level":"info","message":{"ip":"::1","method":"POST","status":400,"url":"/login"},"timestamp":"2025-04-20T15:27:49.135Z"}
{"level":"info","message":{"ip":"::1","method":"POST","status":400,"url":"/login"},"timestamp":"2025-04-20T15:27:49.480Z"}
{"level":"info","message":{"ip":"::1","method":"POST","status":400,"url":"/login"},"timestamp":"2025-04-20T15:27:49.787Z"}
{"level":"info","message":{"ip":"::1","method":"POST","status":400,"url":"/login"},"timestamp":"2025-04-20T15:27:50.115Z"}
{"level":"info","message":{"ip":"::1","method":"POST","status":400,"url":"/login"},"timestamp":"2025-04-20T15:27:50.462Z"}
{"level":"info","message":{"ip":"::1","method":"POST","status":400,"url":"/login"},"timestamp":"2025-04-20T15:27:50.772Z"}
{"level":"info","message":{"ip":"::1","method":"POST","status":400,"url":"/login"},"timestamp":"2025-04-20T15:27:51.125Z"}
{"level":"info","message":{"ip":"::1","method":"POST","status":400,"url":"/login"},"timestamp":"2025-04-20T15:27:51.476Z"}
{"level":"info","message":{"ip":"::1","method":"POST","status":400,"url":"/login"},"timestamp":"2025-04-20T15:27:51.795Z"}
{"level":"info","message":{"ip":"::1","method":"POST","status":400,"url":"/login"},"timestamp":"2025-04-20T15:27:52.149Z"}
{"level":"info","message":{"ip":"::1","method":"POST","status":400,"url":"/login"},"timestamp":"2025-04-20T15:27:52.482Z"}
{"level":"info","message":{"ip":"::1","method":"POST","status":400,"url":"/login"},"timestamp":"2025-04-20T15:27:52.801Z"}
{"level":"info","message":{"ip":"::1","method":"POST","status":400,"url":"/login"},"timestamp":"2025-04-20T15:27:53.097Z"}
{"level":"info","message":{"ip":"::1","method":"POST","status":400,"url":"/login"},"timestamp":"2025-04-20T15:27:53.413Z"}
{"level":"info","message":{"ip":"::1","method":"POST","status":400,"url":"/login"},"timestamp":"2025-04-20T15:27:54.062Z"}
{"level":"info","message":{"ip":"::1","method":"POST","status":400,"url":"/login"},"timestamp":"2025-04-20T15:27:54.742Z"}
{"level":"info","message":{"ip":"::1","method":"POST","status":400,"url":"/login"},"timestamp":"2025-04-20T15:27:55.409Z"}
{"level":"info","message":{"ip":"::1","method":"POST","status":400,"url":"/login"},"timestamp":"2025-04-20T15:27:57.260Z"}
{"level":"info","message":{"ip":"::1","method":"POST","status":400,"url":"/login"},"timestamp":"2025-04-20T15:27:58.240Z"}
{"level":"info","message":{"ip":"::1","method":"POST","status":400,"url":"/login"},"timestamp":"2025-04-20T15:27:59.025Z"}
{"level":"info","message":{"ip":"::1","method":"POST","status":400,"url":"/login"},"timestamp":"2025-04-20T15:27:59.726Z"}
{"level":"info","message":{"ip":"::1","method":"POST","status":400,"url":"/login"},"timestamp":"2025-04-20T15:28:00.330Z"}
{"level":"info","message":{"ip":"::1","method":"POST","status":400,"url":"/login"},"timestamp":"2025-04-20T15:28:20.845Z"}
{"level":"info","message":{"ip":"::1","method":"POST","status":400,"url":"/login"},"timestamp":"2025-04-20T15:28:21.736Z"}
{"level":"info","message":{"ip":"::1","method":"POST","status":400,"url":"/login"},"timestamp":"2025-04-20T15:28:22.520Z"}
{"level":"info","message":{"ip":"::1","method":"POST","status":400,"url":"/login"},"timestamp":"2025-04-20T15:28:23.275Z"}
{"level":"info","message":{"ip":"::1","method":"POST","status":400,"url":"/login"},"timestamp":"2025-04-20T15:28:23.912Z"}
{"level":"info","message":{"ip":"::1","method":"POST","status":400,"url":"/login"},"timestamp":"2025-04-20T15:28:24.524Z"}
{"level":"info","message":{"ip":"::1","method":"POST","status":400,"url":"/login"},"timestamp":"2025-04-20T15:28:25.117Z"}
{"level":"info","message":{"ip":"::1","method":"POST","status":400,"url":"/login"},"timestamp":"2025-04-20T15:28:25.705Z"}
{"level":"info","message":{"ip":"::1","method":"POST","status":400,"url":"/login"},"timestamp":"2025-04-20T15:28:26.285Z"}
{"level":"info","message":{"ip":"::1","method":"POST","status":400,"url":"/login"},"timestamp":"2025-04-20T15:28:26.859Z"}
{"level":"info","message":{"ip":"::1","method":"POST","status":400,"url":"/login"},"timestamp":"2025-04-20T15:28:31.337Z"}
{"level":"info","message":{"ip":"::1","method":"POST","status":400,"url":"/login"},"timestamp":"2025-04-20T15:28:32.995Z"}
{"level":"info","message":{"ip":"::1","method":"POST","status":400,"url":"/login"},"timestamp":"2025-04-20T15:28:34.272Z"}
{"level":"info","message":{"ip":"::1","method":"POST","status":400,"url":"/login"},"timestamp":"2025-04-20T15:28:35.628Z"}
{"level":"info","message":{"ip":"::1","method":"POST","status":400,"url":"/login"},"timestamp":"2025-04-20T15:28:36.420Z"}
{"level":"info","message":{"ip":"::1","method":"POST","status":400,"url":"/login"},"timestamp":"2025-04-20T15:28:36.988Z"}
{"level":"info","message":{"ip":"::1","method":"POST","status":400,"url":"/login"},"timestamp":"2025-04-20T15:28:37.589Z"}
{"level":"info","message":{"ip":"::1","method":"POST","status":400,"url":"/login"},"timestamp":"2025-04-20T15:28:38.162Z"}
{"level":"info","message":{"ip":"::1","method":"POST","status":400,"url":"/login"},"timestamp":"2025-04-20T15:28:38.723Z"}
{"level":"info","message":{"ip":"::1","method":"POST","status":400,"url":"/login"},"timestamp":"2025-04-20T15:28:39.271Z"}
{"level":"info","message":{"ip":"::1","method":"POST","status":400,"url":"/login"},"timestamp":"2025-04-20T15:28:41.844Z"}
{"level":"info","message":{"ip":"::1","method":"POST","status":400,"url":"/login"},"timestamp":"2025-04-20T15:29:07.443Z"}
{"level":"info","message":{"ip":"::1","method":"POST","status":400,"url":"/login"},"timestamp":"2025-04-20T15:29:08.777Z"}
{"level":"info","message":{"ip":"::1","method":"POST","status":400,"url":"/login"},"timestamp":"2025-04-20T15:29:09.336Z"}
{"level":"info","message":{"ip":"::1","method":"POST","status":400,"url":"/login"},"timestamp":"2025-04-20T15:29:09.872Z"}
{"level":"info","message":{"ip":"::1","method":"POST","status":400,"url":"/login"},"timestamp":"2025-04-20T15:29:10.216Z"}
{"level":"info","message":{"ip":"::1","method":"POST","status":400,"url":"/login"},"timestamp":"2025-04-20T15:29:10.561Z"}
{"level":"info","message":{"ip":"::1","method":"POST","status":400,"url":"/login"},"timestamp":"2025-04-20T15:29:10.862Z"}
{"level":"info","message":{"ip":"::1","method":"POST","status":400,"url":"/login"},"timestamp":"2025-04-20T15:29:11.184Z"}
{"level":"info","message":{"ip":"::1","method":"POST","status":400,"url":"/login"},"timestamp":"2025-04-20T15:29:11.451Z"}
{"level":"info","message":{"ip":"::1","method":"POST","status":400,"url":"/login"},"timestamp":"2025-04-20T15:29:11.745Z"}
{"level":"info","message":{"ip":"::1","method":"POST","status":400,"url":"/login"},"timestamp":"2025-04-20T15:29:12.013Z"}
{"level":"info","message":{"ip":"::1","method":"POST","status":400,"url":"/login"},"timestamp":"2025-04-20T15:29:12.275Z"}
{"level":"info","message":{"ip":"::1","method":"POST","status":400,"url":"/login"},"timestamp":"2025-04-20T15:29:12.565Z"}
{"level":"info","message":{"ip":"::1","method":"POST","status":400,"url":"/login"},"timestamp":"2025-04-20T15:29:12.835Z"}
{"level":"info","message":{"ip":"::1","method":"POST","status":400,"url":"/login"},"timestamp":"2025-04-20T15:29:13.106Z"}
{"level":"info","message":{"ip":"::1","method":"POST","status":400,"url":"/login"},"timestamp":"2025-04-20T15:29:13.371Z"}
{"level":"info","message":{"ip":"::1","method":"POST","status":400,"url":"/login"},"timestamp":"2025-04-20T15:29:13.641Z"}
{"level":"info","message":{"ip":"::1","method":"POST","status":400,"url":"/login"},"timestamp":"2025-04-20T15:29:13.900Z"}
{"level":"info","message":{"ip":"::1","method":"POST","status":400,"url":"/login"},"timestamp":"2025-04-20T15:29:14.156Z"}
{"level":"info","message":{"ip":"::1","method":"POST","status":400,"url":"/login"},"timestamp":"2025-04-20T15:29:14.444Z"}
{"level":"info","message":{"ip":"::1","method":"POST","status":400,"url":"/login"},"timestamp":"2025-04-20T15:29:38.787Z"}
{"level":"info","message":{"ip":"::1","method":"POST","status":400,"url":"/login"},"timestamp":"2025-04-20T15:29:40.503Z"}
{"level":"info","message":{"ip":"::1","method":"POST","status":400,"url":"/login"},"timestamp":"2025-04-20T15:29:40.847Z"}
{"level":"info","message":{"ip":"::1","method":"POST","status":400,"url":"/login"},"timestamp":"2025-04-20T15:29:41.121Z"}
{"level":"info","message":{"ip":"::1","method":"POST","status":400,"url":"/login"},"timestamp":"2025-04-20T15:29:41.399Z"}
{"level":"info","message":{"ip":"::1","method":"POST","status":400,"url":"/login"},"timestamp":"2025-04-20T15:29:41.685Z"}
{"level":"info","message":{"ip":"::1","method":"POST","status":400,"url":"/login"},"timestamp":"2025-04-20T15:29:41.958Z"}
{"level":"info","message":{"ip":"::1","method":"POST","status":400,"url":"/login"},"timestamp":"2025-04-20T15:29:42.233Z"}
{"level":"info","message":{"ip":"::1","method":"POST","status":400,"url":"/login"},"timestamp":"2025-04-20T15:29:42.500Z"}
{"level":"info","message":{"ip":"::1","method":"POST","status":400,"url":"/login"},"timestamp":"2025-04-20T15:29:42.775Z"}
{"level":"info","message":{"ip":"::1","method":"POST","status":400,"url":"/login"},"timestamp":"2025-04-20T15:29:43.074Z"}
{"level":"info","message":{"ip":"::1","method":"POST","status":400,"url":"/login"},"timestamp":"2025-04-20T15:29:43.352Z"}
{"level":"info","message":{"ip":"::1","method":"POST","status":400,"url":"/login"},"timestamp":"2025-04-20T15:29:43.637Z"}
{"level":"info","message":{"ip":"::1","method":"POST","status":400,"url":"/login"},"timestamp":"2025-04-20T15:29:43.909Z"}
{"level":"info","message":{"ip":"::1","method":"POST","status":400,"url":"/login"},"timestamp":"2025-04-20T15:29:44.151Z"}
{"level":"info","message":{"ip":"::1","method":"POST","status":400,"url":"/login"},"timestamp":"2025-04-20T15:29:44.445Z"}
{"level":"info","message":{"ip":"::1","method":"POST","status":400,"url":"/login"},"timestamp":"2025-04-20T15:29:44.704Z"}
{"level":"info","message":{"ip":"::1","method":"POST","status":400,"url":"/login"},"timestamp":"2025-04-20T15:29:44.983Z"}
{"level":"info","message":{"ip":"::1","method":"POST","status":400,"url":"/login"},"timestamp":"2025-04-20T15:29:45.267Z"}
{"level":"info","message":{"ip":"::1","method":"POST","status":400,"url":"/login"},"timestamp":"2025-04-20T15:29:45.547Z"}
{"level":"info","message":{"ip":"::ffff:127.0.0.1","method":"POST","status":400,"url":"/send"},"timestamp":"2025-04-20T15:49:58.739Z"}
{"level":"info","message":{"ip":"::ffff:127.0.0.1","method":"POST","status":400,"url":"/send"},"timestamp":"2025-04-20T15:50:05.781Z"}
{"level":"info","message":{"ip":"::ffff:127.0.0.1","method":"GET","status":400,"url":"/transactions"},"timestamp":"2025-04-20T18:36:29.569Z"}
{"level":"info","message":{"ip":"::ffff:127.0.0.1","method":"GET","status":400,"url":"/transactions"},"timestamp":"2025-04-20T18:36:51.958Z"}
{"level":"info","message":{"ip":"::ffff:127.0.0.1","method":"POST","status":400,"url":"/register"},"timestamp":"2025-04-20T18:38:24.099Z"}
{"level":"info","message":{"ip":"::ffff:127.0.0.1","method":"POST","status":400,"url":"/register"},"timestamp":"2025-04-20T18:39:44.296Z"}
{"level":"info","message":{"ip":"::ffff:127.0.0.1","method":"POST","status":200,"url":"/login"},"timestamp":"2025-04-20T18:41:25.011Z"}
{"level":"info","message":{"ip":"::ffff:127.0.0.1","method":"POST","status":400,"url":"/register"},"timestamp":"2025-04-21T07:18:02.675Z"}
{"level":"info","message":{"ip":"::ffff:127.0.0.1","method":"POST","status":400,"url":"/register"},"timestamp":"2025-04-21T07:18:12.306Z"}
{"level":"info","message":{"ip":"::ffff:127.0.0.1","method":"POST","status":400,"url":"/register"},"timestamp":"2025-04-21T07:18:13.108Z"}
{"level":"info","message":{"ip":"::ffff:127.0.0.1","method":"POST","status":400,"url":"/register"},"timestamp":"2025-04-21T07:18:13.991Z"}
{"level":"info","message":{"ip":"::ffff:127.0.0.1","method":"POST","status":400,"url":"/register"},"timestamp":"2025-04-21T07:18:14.966Z"}
{"level":"info","message":{"ip":"::ffff:127.0.0.1","method":"POST","status":400,"url":"/register"},"timestamp":"2025-04-21T07:18:16.439Z"}
{"level":"info","message":{"ip":"::ffff:127.0.0.1","method":"POST","status":400,"url":"/register"},"timestamp":"2025-04-21T07:18:17.708Z"}
{"level":"info","message":{"ip":"::ffff:127.0.0.1","method":"GET","status":400,"url":"/api-keys"},"timestamp":"2025-04-21T07:24:17.198Z"}
{"level":"info","message":{"ip":"::ffff:127.0.0.1","method":"POST","status":400,"url":"/login"},"timestamp":"2025-04-21T07:24:28.316Z"}
{"level":"info","message":{"ip":"::ffff:127.0.0.1","method":"POST","status":200,"url":"/login"},"timestamp":"2025-04-21T07:24:40.457Z"}
{"level":"info","message":{"ip":"::ffff:127.0.0.1","method":"POST","status":200,"url":"/login"},"timestamp":"2025-04-21T07:38:52.213Z"}
{"level":"info","message":{"ip":"::ffff:127.0.0.1","method":"GET","status":200,"url":"/transactions"},"timestamp":"2025-04-21T07:39:11.141Z"}
{"level":"info","message":{"ip":"::ffff:127.0.0.1","method":"POST","status":400,"url":"/create-api-key"},"timestamp":"2025-04-21T07:39:34.643Z"}
{"level":"info","message":{"ip":"::ffff:127.0.0.1","method":"GET","status":200,"url":"/api-keys"},"timestamp":"2025-04-21T07:43:23.613Z"}
{"level":"info","message":{"ip":"::ffff:127.0.0.1","method":"GET","status":200,"url":"/api-keys"},"timestamp":"2025-04-21T07:43:28.073Z"}
{"level":"info","message":{"ip":"::ffff:127.0.0.1","method":"POST","status":200,"url":"/login"},"timestamp":"2025-04-21T07:46:39.041Z"}
{"level":"info","message":{"ip":"::ffff:127.0.0.1","method":"POST","status":200,"url":"/login"},"timestamp":"2025-04-21T07:51:14.937Z"}
{"level":"info","message":{"ip":"::ffff:127.0.0.1","method":"POST","status":400,"url":"/create-api-key"},"timestamp":"2025-04-21T07:51:41.807Z"}
{"level":"info","message":{"ip":"::ffff:127.0.0.1","method":"POST","status":200,"url":"/create-api-key"},"timestamp":"2025-04-21T07:55:40.717Z"}
{"level":"info","message":{"ip":"::1","method":"GET","status":401,"url":"/transactions"},"timestamp":"2025-04-21T08:00:47.105Z"}
{"level":"info","message":{"ip":"::1","method":"GET","status":401,"url":"/transactions"},"timestamp":"2025-04-21T08:00:49.438Z"}
{"level":"info","message":{"ip":"::ffff:127.0.0.1","method":"POST","status":401,"url":"/create-api-key"},"timestamp":"2025-04-21T08:00:59.654Z"}
{"level":"info","message":{"ip":"::ffff:127.0.0.1","method":"POST","status":200,"url":"/login"},"timestamp":"2025-04-21T08:01:05.910Z"}
{"level":"info","message":{"ip":"::ffff:127.0.0.1","method":"POST","status":200,"url":"/create-api-key"},"timestamp":"2025-04-21T08:01:18.061Z"}
{"level":"info","message":{"ip":"::1","method":"GET","status":401,"url":"/transactions"},"timestamp":"2025-04-21T08:01:27.936Z"}
{"level":"info","message":{"ip":"::1","method":"GET","status":401,"url":"/transactions"},"timestamp":"2025-04-21T08:02:13.159Z"}
{"level":"info","message":{"ip":"::1","method":"GET","status":401,"url":"/transactions"},"timestamp":"2025-04-21T08:02:14.189Z"}
{"level":"info","message":{"ip":"::ffff:127.0.0.1","method":"POST","status":200,"url":"/create-api-key"},"timestamp":"2025-04-21T08:02:22.063Z"}
{"level":"info","message":{"ip":"::1","method":"GET","status":401,"url":"/transactions"},"timestamp":"2025-04-21T08:03:33.608Z"}
{"level":"info","message":{"ip":"::1","method":"GET","status":401,"url":"/transactions"},"timestamp":"2025-04-21T08:04:55.227Z"}
{"level":"info","message":{"ip":"::ffff:127.0.0.1","method":"POST","status":200,"url":"/create-api-key"},"timestamp":"2025-04-21T08:04:59.994Z"}
{"level":"info","message":{"ip":"::1","method":"GET","status":401,"url":"/transactions"},"timestamp":"2025-04-21T08:05:13.582Z"}
{"level":"info","message":{"ip":"::ffff:127.0.0.1","method":"POST","status":401,"url":"/create-api-key"},"timestamp":"2025-04-21T08:19:14.839Z"}
{"level":"info","message":{"ip":"::ffff:127.0.0.1","method":"POST","status":200,"url":"/login"},"timestamp":"2025-04-21T08:19:20.066Z"}
{"level":"info","message":{"ip":"::ffff:127.0.0.1","method":"POST","status":200,"url":"/create-api-key"},"timestamp":"2025-04-21T08:19:30.269Z"}
{"level":"info","message":{"ip":"::1","method":"GET","status":401,"url":"/transactions"},"timestamp":"2025-04-21T08:19:39.571Z"}
{"level":"info","message":{"ip":"::1","method":"GET","status":401,"url":"/transactions"},"timestamp":"2025-04-21T08:22:05.196Z"}
{"level":"info","message":{"ip":"::1","method":"GET","status":401,"url":"/transactions"},"timestamp":"2025-04-21T08:24:01.986Z"}
{"level":"info","message":{"ip":"::ffff:127.0.0.1","method":"POST","status":401,"url":"/create-api-key"},"timestamp":"2025-04-21T08:26:37.012Z"}
{"level":"info","message":{"ip":"::ffff:127.0.0.1","method":"POST","status":200,"url":"/login"},"timestamp":"2025-04-21T08:26:41.120Z"}
{"level":"info","message":{"ip":"::ffff:127.0.0.1","method":"POST","status":200,"url":"/create-api-key"},"timestamp":"2025-04-21T08:26:52.804Z"}
{"level":"info","message":{"ip":"::1","method":"GET","status":401,"url":"/transactions"},"timestamp":"2025-04-21T08:27:05.230Z"}
{"level":"info","message":{"ip":"::ffff:127.0.0.1","method":"POST","status":200,"url":"/login"},"timestamp":"2025-04-21T09:58:40.216Z"}
{"level":"info","message":{"ip":"::ffff:127.0.0.1","method":"POST","status":200,"url":"/create-api-key"},"timestamp":"2025-04-21T10:00:04.857Z"}
{"level":"info","message":{"ip":"::1","method":"GET","status":200,"url":"/transactions"},"timestamp":"2025-04-21T10:01:38.747Z"}
{"level":"info","message":{"ip":"::1","method":"GET","status":200,"url":"/transactions"},"timestamp":"2025-04-21T10:01:41.412Z"}
{"level":"info","message":{"ip":"::1","method":"GET","status":200,"url":"/transactions"},"timestamp":"2025-04-21T10:01:42.124Z"}
{"level":"info","message":{"ip":"::1","method":"GET","status":200,"url":"/transactions"},"timestamp":"2025-04-21T10:01:42.847Z"}
{"level":"info","message":{"ip":"::1","method":"GET","status":200,"url":"/transactions"},"timestamp":"2025-04-21T10:01:43.421Z"}
{"level":"info","message":{"ip":"::1","method":"GET","status":200,"url":"/transactions"},"timestamp":"2025-04-21T10:01:43.953Z"}
{"level":"info","message":{"ip":"::1","method":"GET","status":200,"url":"/transactions"},"timestamp":"2025-04-21T10:01:44.465Z"}
{"level":"info","message":{"ip":"::1","method":"GET","status":401,"url":"/transactions"},"timestamp":"2025-04-21T10:01:45.030Z"}
{"level":"info","message":{"ip":"::1","method":"GET","status":401,"url":"/transactions"},"timestamp":"2025-04-21T10:01:45.552Z"}
{"level":"info","message":{"ip":"::1","method":"GET","status":401,"url":"/transactions"},"timestamp":"2025-04-21T10:01:46.239Z"}
{"level":"info","message":{"ip":"::1","method":"GET","status":401,"url":"/transactions"},"timestamp":"2025-04-21T10:01:47.763Z"}
{"level":"info","message":{"ip":"::ffff:127.0.0.1","method":"GET","status":200,"url":"/api-keys"},"timestamp":"2025-04-21T10:02:09.761Z"}
{"level":"info","message":{"ip":"::ffff:127.0.0.1","method":"POST","status":400,"url":"/remove-api-key/5"},"timestamp":"2025-04-21T10:02:31.061Z"}
{"level":"info","message":{"ip":"::ffff:127.0.0.1","method":"POST","status":200,"url":"/login"},"timestamp":"2025-04-21T10:04:17.233Z"}
{"level":"info","message":{"ip":"::ffff:127.0.0.1","method":"POST","status":400,"url":"/remove-api-key/5"},"timestamp":"2025-04-21T10:04:55.617Z"}
{"level":"info","message":{"ip":"::ffff:127.0.0.1","method":"GET","status":200,"url":"/api-keys"},"timestamp":"2025-04-21T10:07:12.914Z"}
{"level":"info","message":{"ip":"::ffff:127.0.0.1","method":"POST","status":400,"url":"/create-api-key"},"timestamp":"2025-04-21T10:07:23.804Z"}
{"level":"info","message":{"ip":"::ffff:127.0.0.1","method":"POST","status":200,"url":"/create-api-key"},"timestamp":"2025-04-21T10:07:34.301Z"}
{"level":"info","message":{"ip":"::ffff:127.0.0.1","method":"GET","status":200,"url":"/api-keys"},"timestamp":"2025-04-21T10:07:41.672Z"}
{"level":"info","message":{"ip":"::1","method":"GET","status":401,"url":"/transactions"},"timestamp":"2025-04-21T10:07:47.827Z"}
{"level":"info","message":{"ip":"::ffff:127.0.0.1","method":"GET","status":200,"url":"/api-keys"},"timestamp":"2025-04-21T10:08:01.382Z"}
{"level":"info","message":{"ip":"::ffff:127.0.0.1","method":"POST","status":400,"url":"/remove-api-key/1"},"timestamp":"2025-04-21T10:08:12.203Z"}
{"level":"info","message":{"ip":"::ffff:127.0.0.1","method":"GET","status":200,"url":"/api-keys"},"timestamp":"2025-04-21T10:08:33.493Z"}
